<?xml version="1.0" encoding="UTF-8"?>
<!-- Generated by org.testng.reporters.JUnitReportReporter -->
<testsuite skipped="0" hostname="LAPTOP-CLIP7DDS" name="Grootan.Browser" tests="1" failures="0" timestamp="2021-04-17T14:02:34 IST" time="3.806" errors="0">
  <testcase name="browser" time="3.806" classname="Grootan.Browser"/>
  <system-out/>
</testsuite> <!-- Grootan.Browser -->
