<?xml version="1.0" encoding="UTF-8"?>
<!-- Generated by org.testng.reporters.JUnitReportReporter -->
<testsuite skipped="0" hostname="LAPTOP-CLIP7DDS" name="Grootan.Junierengineer" tests="1" failures="0" timestamp="2021-04-18T15:29:23 IST" time="5.006" errors="0">
  <testcase name="Engineer" time="5.006" classname="Grootan.Junierengineer"/>
  <system-out/>
</testsuite> <!-- Grootan.Junierengineer -->
