<?xml version="1.0" encoding="UTF-8"?>
<!-- Generated by org.testng.reporters.JUnitReportReporter -->
<testsuite skipped="0" hostname="LAPTOP-CLIP7DDS" name="Grootan.Imagecompare" tests="1" failures="0" timestamp="2021-04-18T15:52:04 IST" time="0.876" errors="0">
  <testcase name="comparison" time="0.876" classname="Grootan.Imagecompare"/>
  <system-out/>
</testsuite> <!-- Grootan.Imagecompare -->
