<?xml version="1.0" encoding="UTF-8"?>
<!-- Generated by org.testng.reporters.JUnitReportReporter -->
<testsuite skipped="0" hostname="LAPTOP-CLIP7DDS" name="Grootan.Grootancode" tests="1" failures="0" timestamp="2021-04-18T15:29:23 IST" time="20.542" errors="0">
  <testcase name="headers" time="20.542" classname="Grootan.Grootancode"/>
  <system-out/>
</testsuite> <!-- Grootan.Grootancode -->
